/*C1*/SET SCHEMA SYSTEM_LOBS
INSERT INTO BLOCKS VALUES(0,2147483647,0)
COMMIT
/*C21*/SET SCHEMA PUBLIC
CREATE TABLE formulars (ID BIGINT NOT NULL, NAME VARCHAR(255), PRIMARY KEY (ID))
CREATE TABLE formularFields (ID BIGINT NOT NULL, NAME VARCHAR(255), QUANTITY BIGINT, TYPE VARCHAR(255), VALIDATOR VARCHAR(255), formular_id BIGINT, PRIMARY KEY (ID))
CREATE TABLE radioButtonFieldVersions (ID BIGINT NOT NULL, NAME VARCHAR(255), formularFieldVersion_id BIGINT, PRIMARY KEY (ID))
CREATE TABLE formularFieldVersions (ID BIGINT NOT NULL, NAME VARCHAR(255), QUANTITY BIGINT, TYPE VARCHAR(255), VALIDATOR VARCHAR(255), VALUE VARCHAR(255), formularVersion_id BIGINT, PRIMARY KEY (ID))
CREATE TABLE formularVersions (ID BIGINT NOT NULL, VERSION VARCHAR(255), formular_id BIGINT, PRIMARY KEY (ID))
CREATE TABLE radioButtonFields (ID BIGINT NOT NULL, NAME VARCHAR(255), formularField_id BIGINT, PRIMARY KEY (ID))
ALTER TABLE formularFields ADD CONSTRAINT FK_formularFields_formular_id FOREIGN KEY (formular_id) REFERENCES formulars (ID)
ALTER TABLE radioButtonFieldVersions ADD CONSTRAINT radioButtonFieldVersions_formularFieldVersion_id FOREIGN KEY (formularFieldVersion_id) REFERENCES formularFieldVersions (ID)
ALTER TABLE formularFieldVersions ADD CONSTRAINT FK_formularFieldVersions_formularVersion_id FOREIGN KEY (formularVersion_id) REFERENCES formularVersions (ID)
ALTER TABLE formularVersions ADD CONSTRAINT FK_formularVersions_formular_id FOREIGN KEY (formular_id) REFERENCES formulars (ID)
ALTER TABLE radioButtonFields ADD CONSTRAINT FK_radioButtonFields_formularField_id FOREIGN KEY (formularField_id) REFERENCES formularFields (ID)
CREATE TABLE SEQUENCE (SEQ_NAME VARCHAR(50) NOT NULL, SEQ_COUNT NUMERIC(38), PRIMARY KEY (SEQ_NAME))
INSERT INTO SEQUENCE VALUES('SEQ_GEN',0)
COMMIT
/*C11*/SET SCHEMA PUBLIC
DELETE FROM SEQUENCE WHERE SEQ_NAME='SEQ_GEN'
INSERT INTO SEQUENCE VALUES('SEQ_GEN',50)
INSERT INTO FORMULARS VALUES(1,'Formular 1')
INSERT INTO FORMULARFIELDS VALUES(3,'Field 2',NULL,'checkbox','required',NULL)
INSERT INTO FORMULARFIELDS VALUES(4,'Field 3',2,'radiobutton','none',NULL)
INSERT INTO FORMULARFIELDS VALUES(2,'Field 1',NULL,'textbox','numeric',NULL)
INSERT INTO RADIOBUTTONFIELDS VALUES(5,'radio 1',NULL)
INSERT INTO RADIOBUTTONFIELDS VALUES(6,'radio 2',NULL)
DELETE FROM RADIOBUTTONFIELDS WHERE ID=5
INSERT INTO RADIOBUTTONFIELDS VALUES(5,'radio 1',4)
DELETE FROM RADIOBUTTONFIELDS WHERE ID=6
INSERT INTO RADIOBUTTONFIELDS VALUES(6,'radio 2',4)
COMMIT
INSERT INTO FORMULARVERSIONS VALUES(7,'V1',1)
INSERT INTO FORMULARFIELDVERSIONS VALUES(3,'Field 2',NULL,'checkbox','required','true',NULL)
INSERT INTO FORMULARFIELDVERSIONS VALUES(2,'Field 1',NULL,'textbox','numeric','123',NULL)
INSERT INTO FORMULARFIELDVERSIONS VALUES(4,'Field 3',2,'radiobutton','none','1',NULL)
INSERT INTO RADIOBUTTONFIELDVERSIONS VALUES(5,'radio 1',NULL)
INSERT INTO RADIOBUTTONFIELDVERSIONS VALUES(6,'radio 2',NULL)
COMMIT
DELETE FROM FORMULARFIELDVERSIONS WHERE ID=2
INSERT INTO FORMULARFIELDVERSIONS VALUES(2,'Field 1',NULL,'textbox','numeric','1234',NULL)
COMMIT
DELETE FROM FORMULARFIELDVERSIONS WHERE ID=4
INSERT INTO FORMULARFIELDVERSIONS VALUES(4,'Field 3',2,'radiobutton','none','0',NULL)
COMMIT
